<?xml version="1.0" encoding="UTF-8"?>
<!-- Generated by org.testng.reporters.JUnitReportReporter -->
<testsuite hostname="DESKTOP-6JN20UJ" failures="0" tests="1" name="mavenproject1.testng.BasicpgTest" time="191.902" errors="0" timestamp="2021-05-24T15:25:43 IST" skipped="0">
  <testcase classname="mavenproject1.testng.BasicpgTest" name="testing" time="191.902"/>
  <system-out/>
</testsuite> <!-- mavenproject1.testng.BasicpgTest -->
