<?xml version="1.0" encoding="UTF-8"?>
<!-- Generated by org.testng.reporters.JUnitReportReporter -->
<testsuite hostname="DESKTOP-6JN20UJ" failures="0" tests="1" name="mavenproject1.testng.mavenTest" time="0.050" errors="0" timestamp="2021-05-22T20:54:39 IST" skipped="0">
  <testcase classname="mavenproject1.testng.mavenTest" name="Test2" time="0.050"/>
  <system-out/>
</testsuite> <!-- mavenproject1.testng.mavenTest -->
