<?xml version="1.0" encoding="UTF-8"?>
<!-- Generated by org.testng.reporters.JUnitReportReporter -->
<testsuite hostname="DESKTOP-6JN20UJ" failures="0" tests="3" name="mavenproject1.testng.Dataprovider_Test" time="0.036" errors="0" timestamp="2021-05-24T18:46:21 IST" skipped="0">
  <testcase classname="mavenproject1.testng.Dataprovider_Test" name="setdata" time="0.006"/>
  <system-out/>
  <testcase classname="mavenproject1.testng.Dataprovider_Test" name="setdata" time="0.013"/>
  <system-out/>
  <testcase classname="mavenproject1.testng.Dataprovider_Test" name="setdata" time="0.017"/>
  <system-out/>
</testsuite> <!-- mavenproject1.testng.Dataprovider_Test -->
